#
# A fatal error has been detected by the Java Runtime Environment:
#
#  EXCEPTION_ACCESS_VIOLATION (0xc0000005) at pc=0x0000000054b2f313, pid=6448, tid=0x0000000000000a34
#
# JRE version: Java(TM) SE Runtime Environment (8.0_131-b11) (build 1.8.0_131-b11)
# Java VM: Java HotSpot(TM) 64-Bit Server VM (25.131-b11 mixed mode windows-amd64 compressed oops)
# Problematic frame:
# V  [jvm.dll+0x13f313]
#
# Failed to write core dump. Minidumps are not enabled by default on client versions of Windows
#
# If you would like to submit a bug report, please visit:
#   http://bugreport.java.com/bugreport/crash.jsp
#

---------------  T H R E A D  ---------------

Current thread (0x00000000029ed800):  JavaThread "main" [_thread_in_vm, id=2612, stack(0x0000000002a50000,0x0000000002b50000)]

siginfo: ExceptionCode=0xc0000005, reading address 0x00000002a61a74e8

Registers:
RAX=0x0000000000000000, RBX=0x00000000029ed800, RCX=0x0000000000000003, RDX=0x00000002a61a7480
RSP=0x0000000002b4d560, RBP=0x0000000002b4d6b0, RSI=0x00000000029ed9f8, RDI=0x00000000029ed800
R8 =0xffff80047cbe23b0, R9 =0x00007ffb8341dc7f, R10=0x000000000000002f, R11=0x000000000000002f
R12=0x0000000000000000, R13=0x0000000000000000, R14=0x0000000002b4d8f8, R15=0x0000000002b4d8c8
RIP=0x0000000054b2f313, EFLAGS=0x0000000000010202

Top of Stack: (sp=0x0000000002b4d560)
0x0000000002b4d560:   00007ffb8341dc50 00000000029ed800
0x0000000002b4d570:   0000000002b4d6b0 0000000000000000
0x0000000002b4d580:   00000000029ed800 0000000000000000
0x0000000002b4d590:   0000000000000000 0000000000000000
0x0000000002b4d5a0:   0000000016c5c4e0 00007ffb833f68f4
0x0000000002b4d5b0:   00000000029ed9f8 0000000002b4d6b0
0x0000000002b4d5c0:   00000000029ed800 0000000002d016a0
0x0000000002b4d5d0:   0000000000000000 0000000002d01797
0x0000000002b4d5e0:   0000000002d01aa0 0000000000000000
0x0000000002b4d5f0:   0000000000000000 0000000000000000
0x0000000002b4d600:   0000000002d016a0 0000000002010000
0x0000000002b4d610:   0000000000000000 0000000000000000
0x0000000002b4d620:   0000000000000000 0000000000000000
0x0000000002b4d630:   0000000000000000 0000000000000000
0x0000000002b4d640:   0000000000000000 0000000002b4d900
0x0000000002b4d650:   0000000002b4d8e0 0000000002b4d8c8 

Instructions: (pc=0x0000000054b2f313)
0x0000000054b2f2f3:   00 00 48 8b 17 74 15 8b 52 08 8b 0d a5 14 66 00
0x0000000054b2f303:   48 d3 e2 48 03 15 93 14 66 00 eb 04 48 8b 52 08
0x0000000054b2f313:   48 8b 52 68 48 8b ce e8 21 7a 0d 00 48 83 7c 24
0x0000000054b2f323:   28 00 48 8b f0 74 0a 48 8d 4c 24 20 e8 4c cc 13 


Register to memory mapping:

RAX=0x0000000000000000 is an unknown value
RBX=0x00000000029ed800 is a thread
RCX=0x0000000000000003 is an unknown value
RDX=0x00000002a61a7480 is an unknown value
RSP=0x0000000002b4d560 is pointing into the stack for thread: 0x00000000029ed800
RBP=0x0000000002b4d6b0 is pointing into the stack for thread: 0x00000000029ed800
RSI=0x00000000029ed9f8 is an unknown value
RDI=0x00000000029ed800 is a thread
R8 =0xffff80047cbe23b0 is an unknown value
R9 =0x00007ffb8341dc7f is an unknown value
R10=0x000000000000002f is an unknown value
R11=0x000000000000002f is an unknown value
R12=0x0000000000000000 is an unknown value
R13=0x0000000000000000 is an unknown value
R14=0x0000000002b4d8f8 is pointing into the stack for thread: 0x00000000029ed800
R15=0x0000000002b4d8c8 is pointing into the stack for thread: 0x00000000029ed800


Stack: [0x0000000002a50000,0x0000000002b50000],  sp=0x0000000002b4d560,  free space=1013k
Native frames: (J=compiled Java code, j=interpreted, Vv=VM code, C=native code)
V  [jvm.dll+0x13f313]
C  [sqljdbc_auth.dll+0x68f4]
C  0x0000000002cb7f74

Java frames: (J=compiled Java code, j=interpreted, Vv=VM code)
j  com.microsoft.sqlserver.jdbc.AuthenticationJNI.SNISecGenClientContext([B[I[BI[B[I[ZLjava/lang/String;Ljava/lang/String;Ljava/lang/String;Ljava/util/logging/Logger;)I+0
j  com.microsoft.sqlserver.jdbc.AuthenticationJNI.GenerateClientContext([BI[B[I[Z)I+24
j  com.microsoft.sqlserver.jdbc.SQLServerConnection.SSPIData([B[B[I[ZLcom/microsoft/sqlserver/jdbc/AuthenticationJNI;)V+13
j  com.microsoft.sqlserver.jdbc.SQLServerConnection.sendLogon(Lcom/microsoft/sqlserver/jdbc/SQLServerConnection$LogonCommand;Lcom/microsoft/sqlserver/jdbc/AuthenticationJNI;)V+155
j  com.microsoft.sqlserver.jdbc.SQLServerConnection.logon(Lcom/microsoft/sqlserver/jdbc/SQLServerConnection$LogonCommand;)V+20
j  com.microsoft.sqlserver.jdbc.SQLServerConnection.access$000(Lcom/microsoft/sqlserver/jdbc/SQLServerConnection;Lcom/microsoft/sqlserver/jdbc/SQLServerConnection$LogonCommand;)V+2
j  com.microsoft.sqlserver.jdbc.SQLServerConnection$LogonCommand.doExecute()Z+5
j  com.microsoft.sqlserver.jdbc.TDSCommand.execute(Lcom/microsoft/sqlserver/jdbc/TDSWriter;Lcom/microsoft/sqlserver/jdbc/TDSReader;)Z+30
j  com.microsoft.sqlserver.jdbc.SQLServerConnection.executeCommand(Lcom/microsoft/sqlserver/jdbc/TDSCommand;)Z+45
j  com.microsoft.sqlserver.jdbc.SQLServerConnection.connectHelper(Lcom/microsoft/sqlserver/jdbc/ServerPortPlaceHolder;II)V+284
j  com.microsoft.sqlserver.jdbc.SQLServerConnection.login(Ljava/lang/String;Ljava/lang/String;ILjava/lang/String;Lcom/microsoft/sqlserver/jdbc/FailoverInfo;IJ)V+399
j  com.microsoft.sqlserver.jdbc.SQLServerConnection.connect(Ljava/util/Properties;Lcom/microsoft/sqlserver/jdbc/SQLServerPooledConnection;)Ljava/sql/Connection;+1929
j  com.microsoft.sqlserver.jdbc.SQLServerDriver.connect(Ljava/lang/String;Ljava/util/Properties;)Ljava/sql/Connection;+45
j  java.sql.DriverManager.getConnection(Ljava/lang/String;Ljava/util/Properties;Ljava/lang/Class;)Ljava/sql/Connection;+171
j  java.sql.DriverManager.getConnection(Ljava/lang/String;Ljava/lang/String;Ljava/lang/String;)Ljava/sql/Connection;+37
j  com.org.mavenProject.SQLTest.sqlTest()V+12
v  ~StubRoutines::call_stub
j  sun.reflect.NativeMethodAccessorImpl.invoke0(Ljava/lang/reflect/Method;Ljava/lang/Object;[Ljava/lang/Object;)Ljava/lang/Object;+0
j  sun.reflect.NativeMethodAccessorImpl.invoke(Ljava/lang/Object;[Ljava/lang/Object;)Ljava/lang/Object;+100
j  sun.reflect.DelegatingMethodAccessorImpl.invoke(Ljava/lang/Object;[Ljava/lang/Object;)Ljava/lang/Object;+6
j  java.lang.reflect.Method.invoke(Ljava/lang/Object;[Ljava/lang/Object;)Ljava/lang/Object;+56
j  org.testng.internal.MethodInvocationHelper.invokeMethod(Ljava/lang/reflect/Method;Ljava/lang/Object;[Ljava/lang/Object;)Ljava/lang/Object;+279
j  org.testng.internal.Invoker.invokeMethod(Ljava/lang/Object;Lorg/testng/ITestNGMethod;[Ljava/lang/Object;ILorg/testng/xml/XmlSuite;Ljava/util/Map;Lorg/testng/ITestClass;[Lorg/testng/ITestNGMethod;[Lorg/testng/ITestNGMethod;Lorg/testng/internal/ConfigurationGroupMethods;Lorg/testng/internal/Invoker$FailureContext;)Lorg/testng/ITestResult;+306
j  org.testng.internal.Invoker.invokeTestMethod(Ljava/lang/Object;Lorg/testng/ITestNGMethod;[Ljava/lang/Object;ILorg/testng/xml/XmlSuite;Ljava/util/Map;Lorg/testng/ITestClass;[Lorg/testng/ITestNGMethod;[Lorg/testng/ITestNGMethod;Lorg/testng/internal/ConfigurationGroupMethods;Lorg/testng/internal/Invoker$FailureContext;)Lorg/testng/ITestResult;+29
j  org.testng.internal.Invoker.invokeTestMethods(Lorg/testng/ITestNGMethod;Lorg/testng/xml/XmlSuite;Ljava/util/Map;Lorg/testng/internal/ConfigurationGroupMethods;Ljava/lang/Object;Lorg/testng/ITestContext;)Ljava/util/List;+757
j  org.testng.internal.TestMethodWorker.invokeTestMethods(Lorg/testng/ITestNGMethod;Ljava/lang/Object;Lorg/testng/ITestContext;)V+19
j  org.testng.internal.TestMethodWorker.run()V+60
j  org.testng.TestRunner.privateRun(Lorg/testng/xml/XmlTest;)V+298
j  org.testng.TestRunner.run()V+25
j  org.testng.SuiteRunner.runTest(Lorg/testng/TestRunner;)V+1
j  org.testng.SuiteRunner.runSequentially()V+31
j  org.testng.SuiteRunner.privateRun()V+288
j  org.testng.SuiteRunner.run()V+6
j  org.testng.SuiteRunnerWorker.runSuite(Lorg/testng/internal/SuiteRunnerMap;Lorg/testng/xml/XmlSuite;)V+89
j  org.testng.SuiteRunnerWorker.run()V+12
j  org.testng.TestNG.runSuitesSequentially(Lorg/testng/xml/XmlSuite;Lorg/testng/internal/SuiteRunnerMap;ILjava/lang/String;)V+66
j  org.testng.TestNG.runSuitesLocally()Ljava/util/List;+143
j  org.testng.TestNG.runSuites()Ljava/util/List;+1
j  org.testng.TestNG.run()V+45
j  org.testng.remote.AbstractRemoteTestNG.run()V+163
j  org.testng.remote.RemoteTestNG.initAndRun(Lorg/testng/remote/IRemoteTestNG;[Ljava/lang/String;Lorg/testng/CommandLineArgs;Lorg/testng/remote/RemoteArgs;)V+184
j  org.testng.remote.RemoteTestNG.main([Ljava/lang/String;)V+201
v  ~StubRoutines::call_stub

---------------  P R O C E S S  ---------------

Java Threads: ( => current thread )
  0x0000000016fee800 JavaThread "ReaderThread" [_thread_in_native, id=2492, stack(0x00000000179f0000,0x0000000017af0000)]
  0x000000001530d800 JavaThread "Service Thread" daemon [_thread_blocked, id=1056, stack(0x0000000016ff0000,0x00000000170f0000)]
  0x00000000152bd000 JavaThread "C1 CompilerThread2" daemon [_thread_blocked, id=8728, stack(0x0000000016af0000,0x0000000016bf0000)]
  0x00000000152b0800 JavaThread "C2 CompilerThread1" daemon [_thread_blocked, id=7864, stack(0x00000000169f0000,0x0000000016af0000)]
  0x00000000152ae000 JavaThread "C2 CompilerThread0" daemon [_thread_blocked, id=7860, stack(0x00000000168f0000,0x00000000169f0000)]
  0x00000000152ac800 JavaThread "Attach Listener" daemon [_thread_blocked, id=7852, stack(0x00000000167f0000,0x00000000168f0000)]
  0x00000000152ab000 JavaThread "Signal Dispatcher" daemon [_thread_blocked, id=1400, stack(0x00000000166f0000,0x00000000167f0000)]
  0x0000000002c9a800 JavaThread "Finalizer" daemon [_thread_blocked, id=6140, stack(0x0000000016500000,0x0000000016600000)]
  0x0000000002c90000 JavaThread "Reference Handler" daemon [_thread_blocked, id=7024, stack(0x0000000016400000,0x0000000016500000)]
=>0x00000000029ed800 JavaThread "main" [_thread_in_vm, id=2612, stack(0x0000000002a50000,0x0000000002b50000)]

Other Threads:
  0x0000000015277000 VMThread [stack: 0x0000000016300000,0x0000000016400000] [id=7020]
  0x0000000016c57000 WatcherThread [stack: 0x00000000170f0000,0x00000000171f0000] [id=1040]

VM state:not at safepoint (normal execution)

VM Mutex/Monitor currently owned by a thread: None

Heap:
 PSYoungGen      total 18944K, used 14625K [0x00000000eb180000, 0x00000000ec680000, 0x0000000100000000)
  eden space 16384K, 73% used [0x00000000eb180000,0x00000000ebd4b8e0,0x00000000ec180000)
  from space 2560K, 99% used [0x00000000ec180000,0x00000000ec3fcba8,0x00000000ec400000)
  to   space 2560K, 0% used [0x00000000ec400000,0x00000000ec400000,0x00000000ec680000)
 ParOldGen       total 44032K, used 1435K [0x00000000c1400000, 0x00000000c3f00000, 0x00000000eb180000)
  object space 44032K, 3% used [0x00000000c1400000,0x00000000c1566e80,0x00000000c3f00000)
 Metaspace       used 12203K, capacity 12488K, committed 12800K, reserved 1060864K
  class space    used 1408K, capacity 1476K, committed 1536K, reserved 1048576K

Card table byte_map: [0x0000000012060000,0x0000000012260000] byte_map_base: 0x0000000011a56000

Marking Bits: (ParMarkBitMap*) 0x000000005520c720
 Begin Bits: [0x00000000127b0000, 0x0000000013760000)
 End Bits:   [0x0000000013760000, 0x0000000014710000)

Polling page: 0x00000000029f0000

CodeCache: size=245760Kb used=3840Kb max_used=3866Kb free=241919Kb
 bounds [0x0000000002ca0000, 0x0000000003070000, 0x0000000011ca0000]
 total_blobs=1491 nmethods=1117 adapters=287
 compilation: enabled

Compilation events (10 events):
Event: 1.474 Thread 0x00000000152bd000 nmethod 1112 0x0000000003056ad0 code [0x0000000003056c80, 0x0000000003057148]
Event: 1.486 Thread 0x00000000152bd000 1114       3       com.sun.crypto.provider.AESCrypt::mul4 (181 bytes)
Event: 1.487 Thread 0x00000000152bd000 nmethod 1114 0x0000000003057c50 code [0x0000000003057e60, 0x0000000003058890]
Event: 1.491 Thread 0x00000000152bd000 1115       3       java.util.jar.JarFile::getManifest (5 bytes)
Event: 1.491 Thread 0x00000000152bd000 nmethod 1115 0x0000000003050c90 code [0x0000000003050e00, 0x0000000003050f88]
Event: 1.496 Thread 0x00000000152bd000 1116       3       java.util.regex.Pattern$Slice::match (79 bytes)
Event: 1.496 Thread 0x00000000152bd000 nmethod 1116 0x0000000003059110 code [0x00000000030592a0, 0x0000000003059738]
Event: 1.497 Thread 0x00000000152bd000 1117       1       sun.security.jca.ProviderList::access$100 (5 bytes)
Event: 1.497 Thread 0x00000000152bd000 nmethod 1117 0x0000000003056810 code [0x0000000003056960, 0x0000000003056a50]
Event: 1.541 Thread 0x00000000152b0800 nmethod 1021 0x00000000030601d0 code [0x0000000003060600, 0x0000000003064160]

GC Heap History (2 events):
Event: 0.846 GC heap before
{Heap before GC invocations=1 (full 0):
 PSYoungGen      total 18944K, used 16384K [0x00000000eb180000, 0x00000000ec680000, 0x0000000100000000)
  eden space 16384K, 100% used [0x00000000eb180000,0x00000000ec180000,0x00000000ec180000)
  from space 2560K, 0% used [0x00000000ec400000,0x00000000ec400000,0x00000000ec680000)
  to   space 2560K, 0% used [0x00000000ec180000,0x00000000ec180000,0x00000000ec400000)
 ParOldGen       total 44032K, used 0K [0x00000000c1400000, 0x00000000c3f00000, 0x00000000eb180000)
  object space 44032K, 0% used [0x00000000c1400000,0x00000000c1400000,0x00000000c3f00000)
 Metaspace       used 9579K, capacity 9708K, committed 9984K, reserved 1058816K
  class space    used 1127K, capacity 1170K, committed 1280K, reserved 1048576K
Event: 0.852 GC heap after
Heap after GC invocations=1 (full 0):
 PSYoungGen      total 18944K, used 2546K [0x00000000eb180000, 0x00000000ec680000, 0x0000000100000000)
  eden space 16384K, 0% used [0x00000000eb180000,0x00000000eb180000,0x00000000ec180000)
  from space 2560K, 99% used [0x00000000ec180000,0x00000000ec3fcba8,0x00000000ec400000)
  to   space 2560K, 0% used [0x00000000ec400000,0x00000000ec400000,0x00000000ec680000)
 ParOldGen       total 44032K, used 1435K [0x00000000c1400000, 0x00000000c3f00000, 0x00000000eb180000)
  object space 44032K, 3% used [0x00000000c1400000,0x00000000c1566e80,0x00000000c3f00000)
 Metaspace       used 9579K, capacity 9708K, committed 9984K, reserved 1058816K
  class space    used 1127K, capacity 1170K, committed 1280K, reserved 1048576K
}

Deoptimization events (7 events):
Event: 0.396 Thread 0x00000000029ed800 Uncommon trap: reason=unstable_if action=reinterpret pc=0x0000000002e31500 method=java.lang.String.indexOf([CII[CIII)I @ 3
Event: 0.683 Thread 0x00000000029ed800 Uncommon trap: reason=range_check action=make_not_entrant pc=0x0000000002eea820 method=sun.reflect.generics.parser.SignatureParser.current()C @ 34
Event: 0.812 Thread 0x00000000029ed800 Uncommon trap: reason=unstable_if action=reinterpret pc=0x0000000002df6b28 method=java.lang.String.startsWith(Ljava/lang/String;I)Z @ 25
Event: 0.843 Thread 0x00000000029ed800 Uncommon trap: reason=unstable_if action=reinterpret pc=0x0000000002e8ea98 method=java.lang.AbstractStringBuilder.append(Ljava/lang/String;)Ljava/lang/AbstractStringBuilder; @ 1
Event: 0.939 Thread 0x00000000029ed800 Uncommon trap: reason=unstable_if action=reinterpret pc=0x0000000002f09474 method=sun.misc.MetaIndex.mayContain(Ljava/lang/String;)Z @ 38
Event: 0.964 Thread 0x00000000029ed800 Uncommon trap: reason=unstable_if action=reinterpret pc=0x0000000002ebe438 method=sun.misc.MetaIndex.mayContain(Ljava/lang/String;)Z @ 38
Event: 1.196 Thread 0x00000000029ed800 Uncommon trap: reason=unstable_if action=reinterpret pc=0x0000000002f7135c method=java.lang.CharacterDataLatin1.digit(II)I @ 82

Internal exceptions (10 events):
Event: 0.235 Thread 0x00000000029ed800 Exception <a 'java/security/PrivilegedActionException'> (0x00000000eb420c68) thrown at [C:\re\workspace\8-2-build-windows-amd64-cygwin\jdk8u131\8869\hotspot\src\share\vm\prims\jvm.cpp, line 1390]
Event: 0.236 Thread 0x00000000029ed800 Exception <a 'java/security/PrivilegedActionException'> (0x00000000eb4248d8) thrown at [C:\re\workspace\8-2-build-windows-amd64-cygwin\jdk8u131\8869\hotspot\src\share\vm\prims\jvm.cpp, line 1390]
Event: 0.236 Thread 0x00000000029ed800 Exception <a 'java/security/PrivilegedActionException'> (0x00000000eb424ae8) thrown at [C:\re\workspace\8-2-build-windows-amd64-cygwin\jdk8u131\8869\hotspot\src\share\vm\prims\jvm.cpp, line 1390]
Event: 0.525 Thread 0x00000000029ed800 Exception <a 'java/lang/ArrayIndexOutOfBoundsException'> (0x00000000eb9225f0) thrown at [C:\re\workspace\8-2-build-windows-amd64-cygwin\jdk8u131\8869\hotspot\src\share\vm\runtime\sharedRuntime.cpp, line 605]
Event: 0.525 Thread 0x00000000029ed800 Exception <a 'java/lang/ArrayIndexOutOfBoundsException'> (0x00000000eb923278) thrown at [C:\re\workspace\8-2-build-windows-amd64-cygwin\jdk8u131\8869\hotspot\src\share\vm\runtime\sharedRuntime.cpp, line 605]
Event: 0.683 Thread 0x00000000029ed800 Exception <a 'java/lang/ArrayIndexOutOfBoundsException': 65> (0x00000000ebdafc18) thrown at [C:\re\workspace\8-2-build-windows-amd64-cygwin\jdk8u131\8869\hotspot\src\share\vm\interpreter\interpreterRuntime.cpp, line 366]
Event: 0.684 Thread 0x00000000029ed800 Exception <a 'java/lang/ArrayIndexOutOfBoundsException': 60> (0x00000000ebdb5308) thrown at [C:\re\workspace\8-2-build-windows-amd64-cygwin\jdk8u131\8869\hotspot\src\share\vm\interpreter\interpreterRuntime.cpp, line 366]
Event: 0.843 Thread 0x00000000029ed800 Implicit null exception at 0x0000000002e8e6d6 to 0x0000000002e8ea7d
Event: 1.254 Thread 0x00000000029ed800 Exception <a 'java/lang/NoSuchFieldError': method resolution failed> (0x00000000eb6227e8) thrown at [C:\re\workspace\8-2-build-windows-amd64-cygwin\jdk8u131\8869\hotspot\src\share\vm\prims\methodHandles.cpp, line 1146]
Event: 1.256 Thread 0x00000000029ed800 Exception <a 'java/lang/NoSuchFieldError': method resolution failed> (0x00000000eb6302a8) thrown at [C:\re\workspace\8-2-build-windows-amd64-cygwin\jdk8u131\8869\hotspot\src\share\vm\prims\methodHandles.cpp, line 1146]

Events (10 events):
Event: 1.493 loading class javax/crypto/MacSpi
Event: 1.493 loading class javax/crypto/MacSpi done
Event: 1.496 loading class sun/security/ssl/CipherBox$1
Event: 1.496 loading class sun/security/ssl/CipherBox$1 done
Event: 1.496 loading class java/lang/StrictMath
Event: 1.496 loading class java/lang/StrictMath done
Event: 1.498 loading class com/microsoft/sqlserver/jdbc/AuthenticationJNI
Event: 1.498 loading class com/microsoft/sqlserver/jdbc/AuthenticationJNI done
Event: 1.512 loading class java/lang/ClassLoaderHelper
Event: 1.512 loading class java/lang/ClassLoaderHelper done


Dynamic libraries:
0x00007ff748340000 - 0x00007ff748377000 	C:\Program Files\Java\jre1.8.0_131\bin\javaw.exe
0x00007ffb98670000 - 0x00007ffb98841000 	C:\WINDOWS\SYSTEM32\ntdll.dll
0x00007ffb964c0000 - 0x00007ffb9656c000 	C:\WINDOWS\System32\KERNEL32.DLL
0x00007ffb94f00000 - 0x00007ffb9511d000 	C:\WINDOWS\System32\KERNELBASE.dll
0x00007ffb96570000 - 0x00007ffb96612000 	C:\WINDOWS\System32\ADVAPI32.dll
0x00007ffb985d0000 - 0x00007ffb9866e000 	C:\WINDOWS\System32\msvcrt.dll
0x00007ffb95c40000 - 0x00007ffb95c99000 	C:\WINDOWS\System32\sechost.dll
0x00007ffb95f90000 - 0x00007ffb960b1000 	C:\WINDOWS\System32\RPCRT4.dll
0x00007ffb96350000 - 0x00007ffb964b5000 	C:\WINDOWS\System32\USER32.dll
0x00007ffb94ee0000 - 0x00007ffb94efe000 	C:\WINDOWS\System32\win32u.dll
0x00007ffb95c00000 - 0x00007ffb95c34000 	C:\WINDOWS\System32\GDI32.dll
0x00007ffb94c50000 - 0x00007ffb94dd2000 	C:\WINDOWS\System32\gdi32full.dll
0x00007ffb8cdf0000 - 0x00007ffb8d06a000 	C:\WINDOWS\WinSxS\amd64_microsoft.windows.common-controls_6595b64144ccf1df_6.0.14393.953_none_42151e83c686086b\COMCTL32.dll
0x00007ffb95ca0000 - 0x00007ffb95f68000 	C:\WINDOWS\System32\combase.dll
0x00007ffb94de0000 - 0x00007ffb94ed5000 	C:\WINDOWS\System32\ucrtbase.dll
0x00007ffb95b90000 - 0x00007ffb95bfa000 	C:\WINDOWS\System32\bcryptPrimitives.dll
0x00007ffb96630000 - 0x00007ffb9665e000 	C:\WINDOWS\System32\IMM32.DLL
0x0000000055290000 - 0x0000000055362000 	C:\Program Files\Java\jre1.8.0_131\bin\msvcr100.dll
0x00000000549f0000 - 0x000000005528c000 	C:\Program Files\Java\jre1.8.0_131\bin\server\jvm.dll
0x00007ffb95f70000 - 0x00007ffb95f78000 	C:\WINDOWS\System32\PSAPI.DLL
0x00007ffb92ac0000 - 0x00007ffb92ae3000 	C:\WINDOWS\SYSTEM32\WINMM.dll
0x00007ffb8f840000 - 0x00007ffb8f84a000 	C:\WINDOWS\SYSTEM32\VERSION.dll
0x00007ffb91fe0000 - 0x00007ffb91fe9000 	C:\WINDOWS\SYSTEM32\WSOCK32.dll
0x00007ffb96180000 - 0x00007ffb961ea000 	C:\WINDOWS\System32\WS2_32.dll
0x0000000002a20000 - 0x0000000002a4b000 	C:\WINDOWS\SYSTEM32\WINMMBASE.dll
0x00007ffb94b60000 - 0x00007ffb94ba2000 	C:\WINDOWS\System32\cfgmgr32.dll
0x0000000055ec0000 - 0x0000000055ecf000 	C:\Program Files\Java\jre1.8.0_131\bin\verify.dll
0x0000000055e90000 - 0x0000000055eb9000 	C:\Program Files\Java\jre1.8.0_131\bin\java.dll
0x0000000055e70000 - 0x0000000055e86000 	C:\Program Files\Java\jre1.8.0_131\bin\zip.dll
0x00007ffb96b90000 - 0x00007ffb98098000 	C:\WINDOWS\System32\SHELL32.dll
0x00007ffb95120000 - 0x00007ffb957fa000 	C:\WINDOWS\System32\windows.storage.dll
0x00007ffb94b10000 - 0x00007ffb94b5c000 	C:\WINDOWS\System32\powrprof.dll
0x00007ffb982b0000 - 0x00007ffb98302000 	C:\WINDOWS\System32\shlwapi.dll
0x00007ffb94af0000 - 0x00007ffb94aff000 	C:\WINDOWS\System32\kernel.appcore.dll
0x00007ffb95800000 - 0x00007ffb958a9000 	C:\WINDOWS\System32\shcore.dll
0x00007ffb94ad0000 - 0x00007ffb94ae4000 	C:\WINDOWS\System32\profapi.dll
0x0000000055e50000 - 0x0000000055e6a000 	C:\Program Files\Java\jre1.8.0_131\bin\net.dll
0x00007ffb943a0000 - 0x00007ffb943fc000 	C:\WINDOWS\system32\mswsock.dll
0x00007ffb94160000 - 0x00007ffb94201000 	C:\WINDOWS\SYSTEM32\DNSAPI.dll
0x00007ffb96620000 - 0x00007ffb96628000 	C:\WINDOWS\System32\NSI.dll
0x00007ffb94120000 - 0x00007ffb94158000 	C:\WINDOWS\SYSTEM32\IPHLPAPI.DLL
0x0000000057ee0000 - 0x0000000057f06000 	C:\Program Files\Bonjour\mdnsNSP.dll
0x00007ffb883d0000 - 0x00007ffb883da000 	C:\Windows\System32\rasadhlp.dll
0x00007ffb8f2d0000 - 0x00007ffb8f33a000 	C:\WINDOWS\System32\fwpuclnt.dll
0x00007ffb94a10000 - 0x00007ffb94a3b000 	C:\WINDOWS\SYSTEM32\bcrypt.dll
0x00007ffb94550000 - 0x00007ffb94567000 	C:\WINDOWS\SYSTEM32\CRYPTSP.dll
0x00007ffb93fa0000 - 0x00007ffb93fd3000 	C:\WINDOWS\system32\rsaenh.dll
0x00007ffb94230000 - 0x00007ffb9424f000 	C:\WINDOWS\SYSTEM32\USERENV.dll
0x00007ffb94540000 - 0x00007ffb9454b000 	C:\WINDOWS\SYSTEM32\CRYPTBASE.dll
0x00007ffb8f180000 - 0x00007ffb8f196000 	C:\WINDOWS\SYSTEM32\dhcpcsvc6.DLL
0x00007ffb8f0f0000 - 0x00007ffb8f10a000 	C:\WINDOWS\SYSTEM32\dhcpcsvc.DLL
0x0000000055d80000 - 0x0000000055d91000 	C:\Program Files\Java\jre1.8.0_131\bin\nio.dll
0x0000000055400000 - 0x0000000055424000 	C:\Program Files\Java\jre1.8.0_131\bin\sunec.dll
0x0000000055e40000 - 0x0000000055e4b000 	C:\Program Files\Java\jre1.8.0_131\bin\sunmscapi.dll
0x00007ffb958b0000 - 0x00007ffb95a79000 	C:\WINDOWS\System32\CRYPT32.dll
0x00007ffb94b00000 - 0x00007ffb94b10000 	C:\WINDOWS\System32\MSASN1.dll
0x00007ffb833f0000 - 0x00007ffb8343e000 	C:\Windows\System32\sqljdbc_auth.dll
0x00007ffb98330000 - 0x00007ffb98468000 	C:\WINDOWS\System32\ole32.dll
0x00007ffb88200000 - 0x00007ffb8820c000 	C:\WINDOWS\system32\secur32.dll
0x00007ffb94740000 - 0x00007ffb9476c000 	C:\WINDOWS\SYSTEM32\SSPICLI.DLL
0x00007ffb94450000 - 0x00007ffb94540000 	C:\WINDOWS\system32\kerberos.DLL
0x00007ffb94330000 - 0x00007ffb94397000 	C:\WINDOWS\system32\msv1_0.DLL
0x00007ffb94320000 - 0x00007ffb9432c000 	C:\WINDOWS\SYSTEM32\NtlmShared.dll
0x00007ffb94400000 - 0x00007ffb94415000 	C:\WINDOWS\SYSTEM32\cryptdll.dll
0x00007ffb83610000 - 0x00007ffb83639000 	C:\WINDOWS\system32\ntdsapi.dll
0x00007ffb84240000 - 0x00007ffb84256000 	C:\WINDOWS\system32\napinsp.dll
0x00007ffb84260000 - 0x00007ffb8427a000 	C:\WINDOWS\system32\pnrpnsp.dll
0x00007ffb92990000 - 0x00007ffb929a8000 	C:\WINDOWS\system32\NLAapi.dll
0x00007ffb85e20000 - 0x00007ffb85e2e000 	C:\WINDOWS\System32\winrnr.dll
0x00007ffb85e30000 - 0x00007ffb85e45000 	C:\WINDOWS\System32\wshbth.dll
0x00007ffb91540000 - 0x00007ffb916d2000 	C:\WINDOWS\SYSTEM32\dbghelp.dll

VM Arguments:
jvm_args: -ea -Dfile.encoding=Cp1252 
java_command: org.testng.remote.RemoteTestNG -serport 49852 -protocol json -d F:\Software\Java Selenium\com.maven.project\test-output C:\Users\SURAJS~1\AppData\Local\Temp\testng-eclipse--63065761\testng-customsuite.xml
java_class_path (initial): F:\Software\eclipse\plugins\org.testng.eclipse_6.11.0.201703011520\lib\testng-remote.jar;F:\Software\Java Selenium\com.maven.project\target\test-classes;F:\Software\Java Selenium\com.maven.project\target\classes;F:\Software\eclipse\plugins\org.testng.eclipse_6.11.0.201703011520\lib\testng.jar;F:\Software\eclipse\plugins\org.testng.eclipse_6.11.0.201703011520\lib\jcommander.jar;F:\Software\eclipse\plugins\org.testng.eclipse_6.11.0.201703011520\lib\bsh-2.0b4.jar;F:\Software\eclipse\plugins\org.testng.eclipse_6.11.0.201703011520\lib\snakeyaml.jar;F:\Software\Library Package\SQL Driver\sqljdbc4-2.0.jar;C:\Users\Suraj Sharma\.m2\repository\junit\junit\3.8.1\junit-3.8.1.jar
Launcher Type: SUN_STANDARD

Environment Variables:
PATH=C:/Program Files/Java/jre1.8.0_121/bin/server;C:/Program Files/Java/jre1.8.0_121/bin;C:/Program Files/Java/jre1.8.0_121/lib/amd64;C:\ProgramData\Oracle\Java\javapath;C:\Program Files (x86)\Intel\iCLS Client\;C:\Program Files\Intel\iCLS Client\;C:\WINDOWS\system32;C:\WINDOWS;C:\WINDOWS\System32\Wbem;C:\WINDOWS\System32\WindowsPowerShell\v1.0\;C:\Program Files (x86)\Intel\Intel(R) Management Engine Components\DAL;C:\Program Files\Intel\Intel(R) Management Engine Components\DAL;C:\Program Files (x86)\Intel\Intel(R) Management Engine Components\IPT;C:\Program Files\Intel\Intel(R) Management Engine Components\IPT;C:\Program Files (x86)\Common Files\lenovo\easyplussdk\bin;C:\Program Files (x86)\Microsoft SQL Server\110\Tools\Binn\;C:\Program Files (x86)\Microsoft SQL Server\110\DTS\Binn\;C:\Program Files (x86)\Microsoft SQL Server\110\Tools\Binn\ManagementStudio\;C:\Program Files (x86)\Microsoft Visual Studio 10.0\Common7\IDE\PrivateAssemblies\;C:\Users\Suraj Sharma\AppData\Local\Microsoft\WindowsApps;;F:\Software\eclipse;
USERNAME=Suraj Sharma
OS=Windows_NT
PROCESSOR_IDENTIFIER=Intel64 Family 6 Model 61 Stepping 4, GenuineIntel



---------------  S Y S T E M  ---------------

OS: Windows 10.0 , 64 bit Build 14393 (10.0.14393.1198)

CPU:total 4 (initial active 4) (2 cores per cpu, 2 threads per core) family 6 model 61 stepping 4, cmov, cx8, fxsr, mmx, sse, sse2, sse3, ssse3, sse4.1, sse4.2, popcnt, avx, avx2, aes, clmul, erms, 3dnowpref, lzcnt, ht, tsc, tscinvbit, bmi1, bmi2, adx

Memory: 4k page, physical 4107660k(1275320k free), swap 5614988k(1811000k free)

vm_info: Java HotSpot(TM) 64-Bit Server VM (25.131-b11) for windows-amd64 JRE (1.8.0_131-b11), built on Mar 15 2017 01:23:53 by "java_re" with MS VC++ 10.0 (VS2010)

time: Sat May 27 12:31:49 2017
elapsed time: 1 seconds (0d 0h 0m 1s)

